<?xml version="1.0" encoding="UTF-8"?>
<coverage generated="1697702293977" clover="3.2.0">
  <project timestamp="1697702293977" name="All files">
    <metrics statements="80" coveredstatements="42" conditionals="16" coveredconditionals="5" methods="31" coveredmethods="13" elements="127" coveredelements="60" complexity="0" loc="80" ncloc="80" packages="4" files="8" classes="8"/>
    <package name="react-native-expo-playground">
      <metrics statements="6" coveredstatements="5" conditionals="0" coveredconditionals="0" methods="1" coveredmethods="1"/>
      <file name="App.js" path="/Users/surf/repos/react-native-expo-playground/App.js">
        <metrics statements="5" coveredstatements="5" conditionals="0" coveredconditionals="0" methods="1" coveredmethods="1"/>
        <line num="12" count="1" type="stmt"/>
        <line num="13" count="1" type="stmt"/>
        <line num="15" count="1" type="stmt"/>
        <line num="16" count="1" type="stmt"/>
        <line num="32" count="1" type="stmt"/>
      </file>
      <file name="old-jest.config.js" path="/Users/surf/repos/react-native-expo-playground/old-jest.config.js">
        <metrics statements="1" coveredstatements="0" conditionals="0" coveredconditionals="0" methods="0" coveredmethods="0"/>
        <line num="1" count="0" type="stmt"/>
      </file>
    </package>
    <package name="react-native-expo-playground.components">
      <metrics statements="14" coveredstatements="10" conditionals="4" coveredconditionals="2" methods="2" coveredmethods="1"/>
      <file name="CalculatorButton.jsx" path="/Users/surf/repos/react-native-expo-playground/components/CalculatorButton.jsx">
        <metrics statements="12" coveredstatements="10" conditionals="4" coveredconditionals="2" methods="1" coveredmethods="1"/>
        <line num="4" count="2" type="stmt"/>
        <line num="5" count="170" type="stmt"/>
        <line num="6" count="170" type="stmt"/>
        <line num="7" count="170" type="stmt"/>
        <line num="8" count="170" type="stmt"/>
        <line num="9" count="170" type="stmt"/>
        <line num="11" count="170" type="cond" truecount="1" falsecount="1"/>
        <line num="12" count="0" type="stmt"/>
        <line num="19" count="170" type="cond" truecount="1" falsecount="1"/>
        <line num="20" count="0" type="stmt"/>
        <line num="28" count="170" type="stmt"/>
        <line num="38" count="2" type="stmt"/>
      </file>
      <file name="demo-template.jsx" path="/Users/surf/repos/react-native-expo-playground/components/demo-template.jsx">
        <metrics statements="2" coveredstatements="0" conditionals="0" coveredconditionals="0" methods="1" coveredmethods="0"/>
        <line num="4" count="0" type="stmt"/>
        <line num="5" count="0" type="stmt"/>
      </file>
    </package>
    <package name="react-native-expo-playground.contexts">
      <metrics statements="0" coveredstatements="0" conditionals="0" coveredconditionals="0" methods="0" coveredmethods="0"/>
      <file name="user.context.jsx" path="/Users/surf/repos/react-native-expo-playground/contexts/user.context.jsx">
        <metrics statements="0" coveredstatements="0" conditionals="0" coveredconditionals="0" methods="0" coveredmethods="0"/>
      </file>
    </package>
    <package name="react-native-expo-playground.screens">
      <metrics statements="60" coveredstatements="27" conditionals="12" coveredconditionals="3" methods="28" coveredmethods="11"/>
      <file name="CalculatorScreen.jsx" path="/Users/surf/repos/react-native-expo-playground/screens/CalculatorScreen.jsx">
        <metrics statements="57" coveredstatements="25" conditionals="12" coveredconditionals="3" methods="26" coveredmethods="10"/>
        <line num="5" count="2" type="stmt"/>
        <line num="7" count="11" type="stmt"/>
        <line num="8" count="11" type="stmt"/>
        <line num="10" count="11" type="stmt"/>
        <line num="11" count="11" type="stmt"/>
        <line num="12" count="10" type="stmt"/>
        <line num="14" count="11" type="stmt"/>
        <line num="15" count="11" type="stmt"/>
        <line num="16" count="10" type="stmt"/>
        <line num="19" count="11" type="stmt"/>
        <line num="20" count="1" type="stmt"/>
        <line num="23" count="11" type="stmt"/>
        <line num="25" count="0" type="cond" truecount="0" falsecount="2"/>
        <line num="26" count="0" type="stmt"/>
        <line num="27" count="0" type="stmt"/>
        <line num="28" count="0" type="cond" truecount="0" falsecount="2"/>
        <line num="29" count="0" type="stmt"/>
        <line num="30" count="0" type="stmt"/>
        <line num="31" count="0" type="cond" truecount="0" falsecount="2"/>
        <line num="32" count="0" type="stmt"/>
        <line num="33" count="0" type="stmt"/>
        <line num="34" count="0" type="cond" truecount="0" falsecount="2"/>
        <line num="35" count="0" type="stmt"/>
        <line num="36" count="0" type="stmt"/>
        <line num="38" count="0" type="stmt"/>
        <line num="39" count="0" type="stmt"/>
        <line num="42" count="11" type="stmt"/>
        <line num="43" count="0" type="stmt"/>
        <line num="44" count="0" type="stmt"/>
        <line num="45" count="0" type="stmt"/>
        <line num="48" count="11" type="stmt"/>
        <line num="49" count="2" type="stmt"/>
        <line num="52" count="11" type="stmt"/>
        <line num="53" count="2" type="stmt"/>
        <line num="54" count="2" type="stmt"/>
        <line num="56" count="2" type="cond" truecount="3" falsecount="1"/>
        <line num="57" count="2" type="stmt"/>
        <line num="59" count="0" type="stmt"/>
        <line num="63" count="11" type="stmt"/>
        <line num="70" count="0" type="stmt"/>
        <line num="71" count="0" type="stmt"/>
        <line num="74" count="0" type="stmt"/>
        <line num="75" count="0" type="stmt"/>
        <line num="76" count="0" type="stmt"/>
        <line num="77" count="1" type="stmt"/>
        <line num="80" count="0" type="stmt"/>
        <line num="81" count="2" type="stmt"/>
        <line num="82" count="0" type="stmt"/>
        <line num="83" count="0" type="stmt"/>
        <line num="86" count="0" type="stmt"/>
        <line num="87" count="0" type="stmt"/>
        <line num="88" count="0" type="stmt"/>
        <line num="89" count="0" type="stmt"/>
        <line num="92" count="0" type="stmt"/>
        <line num="93" count="2" type="stmt"/>
        <line num="94" count="0" type="stmt"/>
        <line num="101" count="2" type="stmt"/>
      </file>
      <file name="HomeScreen.jsx" path="/Users/surf/repos/react-native-expo-playground/screens/HomeScreen.jsx">
        <metrics statements="1" coveredstatements="1" conditionals="0" coveredconditionals="0" methods="1" coveredmethods="1"/>
        <line num="4" count="1" type="stmt"/>
      </file>
      <file name="ProfileScreen.jsx" path="/Users/surf/repos/react-native-expo-playground/screens/ProfileScreen.jsx">
        <metrics statements="2" coveredstatements="1" conditionals="0" coveredconditionals="0" methods="1" coveredmethods="0"/>
        <line num="4" count="1" type="stmt"/>
        <line num="5" count="0" type="stmt"/>
      </file>
    </package>
  </project>
</coverage>
