{"/Users/surf/repos/react-native-expo-playground/App.js": {"path":"/Users/surf/repos/react-native-expo-playground/App.js","statementMap":{"0":{"start":{"line":12,"column":14},"end":{"line":12,"column":42}},"1":{"start":{"line":13,"column":15},"end":{"line":13,"column":38}},"2":{"start":{"line":15,"column":12},"end":{"line":28,"column":1}},"3":{"start":{"line":16,"column":2},"end":{"line":27,"column":3}},"4":{"start":{"line":32,"column":15},"end":{"line":46,"column":2}}},"fnMap":{"0":{"name":"(anonymous_0)","decl":{"start":{"line":15,"column":12},"end":{"line":15,"column":13}},"loc":{"start":{"line":15,"column":18},"end":{"line":28,"column":1}},"line":15}},"branchMap":{},"s":{"0":1,"1":1,"2":1,"3":1,"4":1},"f":{"0":1},"b":{},"_coverageSchema":"1a1c01bbd47fc00a2c39e90264f33305004495a9","hash":"087764639bf375e640294ff81718b06dcb6edc00"}
,"/Users/surf/repos/react-native-expo-playground/old-jest.config.js": {"path":"/Users/surf/repos/react-native-expo-playground/old-jest.config.js","statementMap":{"0":{"start":{"line":1,"column":0},"end":{"line":30,"column":4}}},"fnMap":{},"branchMap":{},"s":{"0":0},"f":{},"b":{}}
,"/Users/surf/repos/react-native-expo-playground/components/CalculatorButton.jsx": {"path":"/Users/surf/repos/react-native-expo-playground/components/CalculatorButton.jsx","statementMap":{"0":{"start":{"line":4,"column":25},"end":{"line":36,"column":1}},"1":{"start":{"line":5,"column":18},"end":{"line":5,"column":29}},"2":{"start":{"line":6,"column":32},"end":{"line":6,"column":55}},"3":{"start":{"line":7,"column":32},"end":{"line":7,"column":55}},"4":{"start":{"line":8,"column":20},"end":{"line":8,"column":33}},"5":{"start":{"line":9,"column":19},"end":{"line":9,"column":31}},"6":{"start":{"line":11,"column":4},"end":{"line":35,"column":5}},"7":{"start":{"line":12,"column":8},"end":{"line":18,"column":9}},"8":{"start":{"line":19,"column":11},"end":{"line":35,"column":5}},"9":{"start":{"line":20,"column":8},"end":{"line":26,"column":9}},"10":{"start":{"line":28,"column":8},"end":{"line":34,"column":9}},"11":{"start":{"line":38,"column":15},"end":{"line":56,"column":2}}},"fnMap":{"0":{"name":"(anonymous_0)","decl":{"start":{"line":4,"column":25},"end":{"line":4,"column":26}},"loc":{"start":{"line":4,"column":38},"end":{"line":36,"column":1}},"line":4}},"branchMap":{"0":{"loc":{"start":{"line":11,"column":4},"end":{"line":35,"column":5}},"type":"if","locations":[{"start":{"line":11,"column":4},"end":{"line":35,"column":5}},{"start":{"line":19,"column":11},"end":{"line":35,"column":5}}],"line":11},"1":{"loc":{"start":{"line":19,"column":11},"end":{"line":35,"column":5}},"type":"if","locations":[{"start":{"line":19,"column":11},"end":{"line":35,"column":5}},{"start":{"line":27,"column":11},"end":{"line":35,"column":5}}],"line":19}},"s":{"0":2,"1":170,"2":170,"3":170,"4":170,"5":170,"6":170,"7":0,"8":170,"9":0,"10":170,"11":2},"f":{"0":170},"b":{"0":[0,170],"1":[0,170]},"_coverageSchema":"1a1c01bbd47fc00a2c39e90264f33305004495a9","hash":"f7ab7983ec01d286b9935fb5736ffb3478d60bec"}
,"/Users/surf/repos/react-native-expo-playground/components/demo-template.jsx": {"path":"/Users/surf/repos/react-native-expo-playground/components/demo-template.jsx","statementMap":{"0":{"start":{"line":4,"column":13},"end":{"line":10,"column":1}},"1":{"start":{"line":5,"column":4},"end":{"line":9,"column":5}}},"fnMap":{"0":{"name":"(anonymous_0)","decl":{"start":{"line":4,"column":13},"end":{"line":4,"column":14}},"loc":{"start":{"line":4,"column":19},"end":{"line":10,"column":1}},"line":4}},"branchMap":{},"s":{"0":0,"1":0},"f":{"0":0},"b":{}}
,"/Users/surf/repos/react-native-expo-playground/contexts/user.context.jsx": {"path":"/Users/surf/repos/react-native-expo-playground/contexts/user.context.jsx","statementMap":{},"fnMap":{},"branchMap":{},"s":{},"f":{},"b":{}}
,"/Users/surf/repos/react-native-expo-playground/screens/CalculatorScreen.jsx": {"path":"/Users/surf/repos/react-native-expo-playground/screens/CalculatorScreen.jsx","statementMap":{"0":{"start":{"line":5,"column":25},"end":{"line":99,"column":1}},"1":{"start":{"line":7,"column":26},"end":{"line":7,"column":37}},"2":{"start":{"line":8,"column":4},"end":{"line":9,"column":7}},"3":{"start":{"line":10,"column":38},"end":{"line":10,"column":52}},"4":{"start":{"line":11,"column":4},"end":{"line":13,"column":7}},"5":{"start":{"line":12,"column":8},"end":{"line":12,"column":64}},"6":{"start":{"line":14,"column":48},"end":{"line":14,"column":62}},"7":{"start":{"line":15,"column":4},"end":{"line":17,"column":7}},"8":{"start":{"line":16,"column":8},"end":{"line":16,"column":79}},"9":{"start":{"line":19,"column":26},"end":{"line":21,"column":5}},"10":{"start":{"line":20,"column":8},"end":{"line":20,"column":31}},"11":{"start":{"line":23,"column":27},"end":{"line":40,"column":5}},"12":{"start":{"line":25,"column":8},"end":{"line":37,"column":9}},"13":{"start":{"line":26,"column":12},"end":{"line":26,"column":111}},"14":{"start":{"line":27,"column":12},"end":{"line":27,"column":42}},"15":{"start":{"line":28,"column":15},"end":{"line":37,"column":9}},"16":{"start":{"line":29,"column":12},"end":{"line":29,"column":68}},"17":{"start":{"line":30,"column":12},"end":{"line":30,"column":42}},"18":{"start":{"line":31,"column":15},"end":{"line":37,"column":9}},"19":{"start":{"line":32,"column":12},"end":{"line":32,"column":68}},"20":{"start":{"line":33,"column":12},"end":{"line":33,"column":42}},"21":{"start":{"line":34,"column":15},"end":{"line":37,"column":9}},"22":{"start":{"line":35,"column":12},"end":{"line":35,"column":68}},"23":{"start":{"line":36,"column":12},"end":{"line":36,"column":42}},"24":{"start":{"line":38,"column":8},"end":{"line":38,"column":27}},"25":{"start":{"line":39,"column":8},"end":{"line":39,"column":23}},"26":{"start":{"line":42,"column":22},"end":{"line":46,"column":5}},"27":{"start":{"line":43,"column":8},"end":{"line":43,"column":18}},"28":{"start":{"line":44,"column":8},"end":{"line":44,"column":32}},"29":{"start":{"line":45,"column":8},"end":{"line":45,"column":27}},"30":{"start":{"line":48,"column":23},"end":{"line":50,"column":5}},"31":{"start":{"line":49,"column":8},"end":{"line":49,"column":31}},"32":{"start":{"line":52,"column":21},"end":{"line":61,"column":5}},"33":{"start":{"line":53,"column":22},"end":{"line":53,"column":37}},"34":{"start":{"line":54,"column":28},"end":{"line":54,"column":49}},"35":{"start":{"line":56,"column":8},"end":{"line":60,"column":9}},"36":{"start":{"line":57,"column":12},"end":{"line":57,"column":41}},"37":{"start":{"line":59,"column":12},"end":{"line":59,"column":35}},"38":{"start":{"line":63,"column":4},"end":{"line":98,"column":5}},"39":{"start":{"line":70,"column":63},"end":{"line":70,"column":77}},"40":{"start":{"line":71,"column":63},"end":{"line":71,"column":81}},"41":{"start":{"line":74,"column":63},"end":{"line":74,"column":76}},"42":{"start":{"line":75,"column":63},"end":{"line":75,"column":76}},"43":{"start":{"line":76,"column":63},"end":{"line":76,"column":76}},"44":{"start":{"line":77,"column":63},"end":{"line":77,"column":81}},"45":{"start":{"line":80,"column":63},"end":{"line":80,"column":76}},"46":{"start":{"line":81,"column":63},"end":{"line":81,"column":76}},"47":{"start":{"line":82,"column":63},"end":{"line":82,"column":76}},"48":{"start":{"line":83,"column":63},"end":{"line":83,"column":81}},"49":{"start":{"line":86,"column":63},"end":{"line":86,"column":76}},"50":{"start":{"line":87,"column":63},"end":{"line":87,"column":76}},"51":{"start":{"line":88,"column":63},"end":{"line":88,"column":76}},"52":{"start":{"line":89,"column":63},"end":{"line":89,"column":81}},"53":{"start":{"line":92,"column":63},"end":{"line":92,"column":76}},"54":{"start":{"line":93,"column":63},"end":{"line":93,"column":78}},"55":{"start":{"line":94,"column":63},"end":{"line":94,"column":82}},"56":{"start":{"line":101,"column":15},"end":{"line":148,"column":4}}},"fnMap":{"0":{"name":"(anonymous_0)","decl":{"start":{"line":5,"column":25},"end":{"line":5,"column":26}},"loc":{"start":{"line":5,"column":43},"end":{"line":99,"column":1}},"line":5},"1":{"name":"(anonymous_1)","decl":{"start":{"line":8,"column":20},"end":{"line":8,"column":21}},"loc":{"start":{"line":8,"column":26},"end":{"line":9,"column":5}},"line":8},"2":{"name":"(anonymous_2)","decl":{"start":{"line":11,"column":20},"end":{"line":11,"column":21}},"loc":{"start":{"line":11,"column":26},"end":{"line":13,"column":5}},"line":11},"3":{"name":"(anonymous_3)","decl":{"start":{"line":15,"column":20},"end":{"line":15,"column":21}},"loc":{"start":{"line":15,"column":26},"end":{"line":17,"column":5}},"line":15},"4":{"name":"(anonymous_4)","decl":{"start":{"line":19,"column":26},"end":{"line":19,"column":27}},"loc":{"start":{"line":19,"column":35},"end":{"line":21,"column":5}},"line":19},"5":{"name":"(anonymous_5)","decl":{"start":{"line":23,"column":27},"end":{"line":23,"column":28}},"loc":{"start":{"line":23,"column":33},"end":{"line":40,"column":5}},"line":23},"6":{"name":"(anonymous_6)","decl":{"start":{"line":42,"column":22},"end":{"line":42,"column":23}},"loc":{"start":{"line":42,"column":28},"end":{"line":46,"column":5}},"line":42},"7":{"name":"(anonymous_7)","decl":{"start":{"line":48,"column":23},"end":{"line":48,"column":24}},"loc":{"start":{"line":48,"column":32},"end":{"line":50,"column":5}},"line":48},"8":{"name":"(anonymous_8)","decl":{"start":{"line":52,"column":21},"end":{"line":52,"column":22}},"loc":{"start":{"line":52,"column":30},"end":{"line":61,"column":5}},"line":52},"9":{"name":"(anonymous_9)","decl":{"start":{"line":70,"column":57},"end":{"line":70,"column":58}},"loc":{"start":{"line":70,"column":63},"end":{"line":70,"column":77}},"line":70},"10":{"name":"(anonymous_10)","decl":{"start":{"line":71,"column":57},"end":{"line":71,"column":58}},"loc":{"start":{"line":71,"column":63},"end":{"line":71,"column":81}},"line":71},"11":{"name":"(anonymous_11)","decl":{"start":{"line":74,"column":57},"end":{"line":74,"column":58}},"loc":{"start":{"line":74,"column":63},"end":{"line":74,"column":76}},"line":74},"12":{"name":"(anonymous_12)","decl":{"start":{"line":75,"column":57},"end":{"line":75,"column":58}},"loc":{"start":{"line":75,"column":63},"end":{"line":75,"column":76}},"line":75},"13":{"name":"(anonymous_13)","decl":{"start":{"line":76,"column":57},"end":{"line":76,"column":58}},"loc":{"start":{"line":76,"column":63},"end":{"line":76,"column":76}},"line":76},"14":{"name":"(anonymous_14)","decl":{"start":{"line":77,"column":57},"end":{"line":77,"column":58}},"loc":{"start":{"line":77,"column":63},"end":{"line":77,"column":81}},"line":77},"15":{"name":"(anonymous_15)","decl":{"start":{"line":80,"column":57},"end":{"line":80,"column":58}},"loc":{"start":{"line":80,"column":63},"end":{"line":80,"column":76}},"line":80},"16":{"name":"(anonymous_16)","decl":{"start":{"line":81,"column":57},"end":{"line":81,"column":58}},"loc":{"start":{"line":81,"column":63},"end":{"line":81,"column":76}},"line":81},"17":{"name":"(anonymous_17)","decl":{"start":{"line":82,"column":57},"end":{"line":82,"column":58}},"loc":{"start":{"line":82,"column":63},"end":{"line":82,"column":76}},"line":82},"18":{"name":"(anonymous_18)","decl":{"start":{"line":83,"column":57},"end":{"line":83,"column":58}},"loc":{"start":{"line":83,"column":63},"end":{"line":83,"column":81}},"line":83},"19":{"name":"(anonymous_19)","decl":{"start":{"line":86,"column":57},"end":{"line":86,"column":58}},"loc":{"start":{"line":86,"column":63},"end":{"line":86,"column":76}},"line":86},"20":{"name":"(anonymous_20)","decl":{"start":{"line":87,"column":57},"end":{"line":87,"column":58}},"loc":{"start":{"line":87,"column":63},"end":{"line":87,"column":76}},"line":87},"21":{"name":"(anonymous_21)","decl":{"start":{"line":88,"column":57},"end":{"line":88,"column":58}},"loc":{"start":{"line":88,"column":63},"end":{"line":88,"column":76}},"line":88},"22":{"name":"(anonymous_22)","decl":{"start":{"line":89,"column":57},"end":{"line":89,"column":58}},"loc":{"start":{"line":89,"column":63},"end":{"line":89,"column":81}},"line":89},"23":{"name":"(anonymous_23)","decl":{"start":{"line":92,"column":57},"end":{"line":92,"column":58}},"loc":{"start":{"line":92,"column":63},"end":{"line":92,"column":76}},"line":92},"24":{"name":"(anonymous_24)","decl":{"start":{"line":93,"column":57},"end":{"line":93,"column":58}},"loc":{"start":{"line":93,"column":63},"end":{"line":93,"column":78}},"line":93},"25":{"name":"(anonymous_25)","decl":{"start":{"line":94,"column":57},"end":{"line":94,"column":58}},"loc":{"start":{"line":94,"column":63},"end":{"line":94,"column":82}},"line":94}},"branchMap":{"0":{"loc":{"start":{"line":25,"column":8},"end":{"line":37,"column":9}},"type":"if","locations":[{"start":{"line":25,"column":8},"end":{"line":37,"column":9}},{"start":{"line":28,"column":15},"end":{"line":37,"column":9}}],"line":25},"1":{"loc":{"start":{"line":28,"column":15},"end":{"line":37,"column":9}},"type":"if","locations":[{"start":{"line":28,"column":15},"end":{"line":37,"column":9}},{"start":{"line":31,"column":15},"end":{"line":37,"column":9}}],"line":28},"2":{"loc":{"start":{"line":31,"column":15},"end":{"line":37,"column":9}},"type":"if","locations":[{"start":{"line":31,"column":15},"end":{"line":37,"column":9}},{"start":{"line":34,"column":15},"end":{"line":37,"column":9}}],"line":31},"3":{"loc":{"start":{"line":34,"column":15},"end":{"line":37,"column":9}},"type":"if","locations":[{"start":{"line":34,"column":15},"end":{"line":37,"column":9}},{"start":{},"end":{}}],"line":34},"4":{"loc":{"start":{"line":56,"column":8},"end":{"line":60,"column":9}},"type":"if","locations":[{"start":{"line":56,"column":8},"end":{"line":60,"column":9}},{"start":{"line":58,"column":15},"end":{"line":60,"column":9}}],"line":56},"5":{"loc":{"start":{"line":56,"column":12},"end":{"line":56,"column":65}},"type":"binary-expr","locations":[{"start":{"line":56,"column":12},"end":{"line":56,"column":33}},{"start":{"line":56,"column":37},"end":{"line":56,"column":65}}],"line":56}},"s":{"0":2,"1":11,"2":11,"3":11,"4":11,"5":10,"6":11,"7":11,"8":10,"9":11,"10":1,"11":11,"12":0,"13":0,"14":0,"15":0,"16":0,"17":0,"18":0,"19":0,"20":0,"21":0,"22":0,"23":0,"24":0,"25":0,"26":11,"27":0,"28":0,"29":0,"30":11,"31":2,"32":11,"33":2,"34":2,"35":2,"36":2,"37":0,"38":11,"39":0,"40":0,"41":0,"42":0,"43":0,"44":1,"45":0,"46":2,"47":0,"48":0,"49":0,"50":0,"51":0,"52":0,"53":0,"54":2,"55":0,"56":2},"f":{"0":11,"1":10,"2":10,"3":10,"4":1,"5":0,"6":0,"7":2,"8":2,"9":0,"10":0,"11":0,"12":0,"13":0,"14":1,"15":0,"16":2,"17":0,"18":0,"19":0,"20":0,"21":0,"22":0,"23":0,"24":2,"25":0},"b":{"0":[0,0],"1":[0,0],"2":[0,0],"3":[0,0],"4":[2,0],"5":[2,2]},"_coverageSchema":"1a1c01bbd47fc00a2c39e90264f33305004495a9","hash":"b74159d5f2fac69aa5c7c44e2c8b8b745d203840"}
,"/Users/surf/repos/react-native-expo-playground/screens/HomeScreen.jsx": {"path":"/Users/surf/repos/react-native-expo-playground/screens/HomeScreen.jsx","statementMap":{"0":{"start":{"line":4,"column":4},"end":{"line":8,"column":5}}},"fnMap":{"0":{"name":"(anonymous_0)","decl":{"start":{"line":3,"column":29},"end":{"line":3,"column":30}},"loc":{"start":{"line":3,"column":38},"end":{"line":9,"column":1}},"line":3}},"branchMap":{},"s":{"0":1},"f":{"0":1},"b":{},"_coverageSchema":"1a1c01bbd47fc00a2c39e90264f33305004495a9","hash":"9dced0e4651d448f04cfc2fba5b17d15318f584f"}
,"/Users/surf/repos/react-native-expo-playground/screens/ProfileScreen.jsx": {"path":"/Users/surf/repos/react-native-expo-playground/screens/ProfileScreen.jsx","statementMap":{"0":{"start":{"line":4,"column":22},"end":{"line":10,"column":1}},"1":{"start":{"line":5,"column":4},"end":{"line":9,"column":5}}},"fnMap":{"0":{"name":"(anonymous_0)","decl":{"start":{"line":4,"column":22},"end":{"line":4,"column":23}},"loc":{"start":{"line":4,"column":40},"end":{"line":10,"column":1}},"line":4}},"branchMap":{},"s":{"0":1,"1":0},"f":{"0":0},"b":{},"_coverageSchema":"1a1c01bbd47fc00a2c39e90264f33305004495a9","hash":"383e4c92ec1effa47b86b75154e761646d7dee75"}
}
