{"/Users/surf/repos/react-native-expo-playground/App.js": {"path":"/Users/surf/repos/react-native-expo-playground/App.js","statementMap":{"0":{"start":{"line":12,"column":14},"end":{"line":12,"column":42}},"1":{"start":{"line":13,"column":15},"end":{"line":13,"column":38}},"2":{"start":{"line":15,"column":12},"end":{"line":28,"column":1}},"3":{"start":{"line":16,"column":2},"end":{"line":27,"column":3}},"4":{"start":{"line":49,"column":15},"end":{"line":63,"column":2}}},"fnMap":{"0":{"name":"(anonymous_0)","decl":{"start":{"line":15,"column":12},"end":{"line":15,"column":13}},"loc":{"start":{"line":15,"column":18},"end":{"line":28,"column":1}},"line":15}},"branchMap":{},"s":{"0":1,"1":1,"2":1,"3":1,"4":1},"f":{"0":1},"b":{},"_coverageSchema":"1a1c01bbd47fc00a2c39e90264f33305004495a9","hash":"f08953c731b8034ee0e52b87a059889d59505caf"}
,"/Users/surf/repos/react-native-expo-playground/components/demo-template.jsx": {"path":"/Users/surf/repos/react-native-expo-playground/components/demo-template.jsx","statementMap":{"0":{"start":{"line":4,"column":13},"end":{"line":10,"column":1}},"1":{"start":{"line":5,"column":4},"end":{"line":9,"column":5}}},"fnMap":{"0":{"name":"(anonymous_0)","decl":{"start":{"line":4,"column":13},"end":{"line":4,"column":14}},"loc":{"start":{"line":4,"column":19},"end":{"line":10,"column":1}},"line":4}},"branchMap":{},"s":{"0":0,"1":0},"f":{"0":0},"b":{}}
,"/Users/surf/repos/react-native-expo-playground/contexts/user.context.jsx": {"path":"/Users/surf/repos/react-native-expo-playground/contexts/user.context.jsx","statementMap":{},"fnMap":{},"branchMap":{},"s":{},"f":{},"b":{}}
,"/Users/surf/repos/react-native-expo-playground/screens/CalculatorScreen.jsx": {"path":"/Users/surf/repos/react-native-expo-playground/screens/CalculatorScreen.jsx","statementMap":{"0":{"start":{"line":4,"column":25},"end":{"line":147,"column":1}},"1":{"start":{"line":6,"column":26},"end":{"line":6,"column":39}},"2":{"start":{"line":7,"column":4},"end":{"line":8,"column":7}},"3":{"start":{"line":9,"column":34},"end":{"line":9,"column":46}},"4":{"start":{"line":10,"column":4},"end":{"line":11,"column":7}},"5":{"start":{"line":12,"column":40},"end":{"line":12,"column":52}},"6":{"start":{"line":13,"column":4},"end":{"line":14,"column":7}},"7":{"start":{"line":15,"column":36},"end":{"line":15,"column":48}},"8":{"start":{"line":16,"column":4},"end":{"line":17,"column":7}},"9":{"start":{"line":18,"column":38},"end":{"line":18,"column":50}},"10":{"start":{"line":19,"column":4},"end":{"line":20,"column":7}},"11":{"start":{"line":21,"column":48},"end":{"line":21,"column":60}},"12":{"start":{"line":22,"column":4},"end":{"line":23,"column":7}},"13":{"start":{"line":24,"column":42},"end":{"line":24,"column":57}},"14":{"start":{"line":25,"column":4},"end":{"line":26,"column":7}},"15":{"start":{"line":36,"column":23},"end":{"line":39,"column":5}},"16":{"start":{"line":41,"column":24},"end":{"line":43,"column":5}},"17":{"start":{"line":42,"column":8},"end":{"line":42,"column":31}},"18":{"start":{"line":51,"column":27},"end":{"line":66,"column":5}},"19":{"start":{"line":53,"column":8},"end":{"line":61,"column":9}},"20":{"start":{"line":54,"column":12},"end":{"line":54,"column":62}},"21":{"start":{"line":55,"column":15},"end":{"line":61,"column":9}},"22":{"start":{"line":56,"column":12},"end":{"line":56,"column":62}},"23":{"start":{"line":57,"column":15},"end":{"line":61,"column":9}},"24":{"start":{"line":58,"column":12},"end":{"line":58,"column":62}},"25":{"start":{"line":59,"column":15},"end":{"line":61,"column":9}},"26":{"start":{"line":60,"column":12},"end":{"line":60,"column":62}},"27":{"start":{"line":63,"column":8},"end":{"line":63,"column":28}},"28":{"start":{"line":64,"column":8},"end":{"line":64,"column":25}},"29":{"start":{"line":65,"column":8},"end":{"line":65,"column":23}},"30":{"start":{"line":68,"column":22},"end":{"line":74,"column":5}},"31":{"start":{"line":69,"column":8},"end":{"line":69,"column":20}},"32":{"start":{"line":70,"column":8},"end":{"line":70,"column":30}},"33":{"start":{"line":71,"column":8},"end":{"line":71,"column":24}},"34":{"start":{"line":72,"column":8},"end":{"line":72,"column":25}},"35":{"start":{"line":73,"column":8},"end":{"line":73,"column":27}},"36":{"start":{"line":76,"column":23},"end":{"line":79,"column":5}},"37":{"start":{"line":77,"column":8},"end":{"line":77,"column":26}},"38":{"start":{"line":78,"column":8},"end":{"line":78,"column":31}},"39":{"start":{"line":81,"column":21},"end":{"line":107,"column":5}},"40":{"start":{"line":85,"column":22},"end":{"line":85,"column":25}},"41":{"start":{"line":86,"column":27},"end":{"line":86,"column":35}},"42":{"start":{"line":87,"column":28},"end":{"line":87,"column":37}},"43":{"start":{"line":97,"column":8},"end":{"line":103,"column":9}},"44":{"start":{"line":98,"column":12},"end":{"line":98,"column":44}},"45":{"start":{"line":99,"column":12},"end":{"line":99,"column":36}},"46":{"start":{"line":101,"column":12},"end":{"line":101,"column":42}},"47":{"start":{"line":102,"column":12},"end":{"line":102,"column":35}},"48":{"start":{"line":104,"column":8},"end":{"line":104,"column":24}},"49":{"start":{"line":105,"column":8},"end":{"line":105,"column":34}},"50":{"start":{"line":106,"column":8},"end":{"line":106,"column":36}},"51":{"start":{"line":109,"column":4},"end":{"line":146,"column":5}},"52":{"start":{"line":116,"column":103},"end":{"line":116,"column":117}},"53":{"start":{"line":119,"column":77},"end":{"line":119,"column":93}},"54":{"start":{"line":122,"column":77},"end":{"line":122,"column":90}},"55":{"start":{"line":123,"column":77},"end":{"line":123,"column":90}},"56":{"start":{"line":124,"column":77},"end":{"line":124,"column":90}},"57":{"start":{"line":125,"column":77},"end":{"line":125,"column":93}},"58":{"start":{"line":128,"column":77},"end":{"line":128,"column":90}},"59":{"start":{"line":129,"column":77},"end":{"line":129,"column":90}},"60":{"start":{"line":130,"column":77},"end":{"line":130,"column":90}},"61":{"start":{"line":131,"column":77},"end":{"line":131,"column":93}},"62":{"start":{"line":134,"column":77},"end":{"line":134,"column":90}},"63":{"start":{"line":135,"column":77},"end":{"line":135,"column":90}},"64":{"start":{"line":136,"column":77},"end":{"line":136,"column":90}},"65":{"start":{"line":137,"column":77},"end":{"line":137,"column":93}},"66":{"start":{"line":140,"column":103},"end":{"line":140,"column":116}},"67":{"start":{"line":141,"column":77},"end":{"line":141,"column":90}},"68":{"start":{"line":142,"column":77},"end":{"line":142,"column":96}},"69":{"start":{"line":150,"column":15},"end":{"line":197,"column":4}}},"fnMap":{"0":{"name":"(anonymous_0)","decl":{"start":{"line":4,"column":25},"end":{"line":4,"column":26}},"loc":{"start":{"line":4,"column":43},"end":{"line":147,"column":1}},"line":4},"1":{"name":"(anonymous_1)","decl":{"start":{"line":7,"column":20},"end":{"line":7,"column":21}},"loc":{"start":{"line":7,"column":26},"end":{"line":8,"column":5}},"line":7},"2":{"name":"(anonymous_2)","decl":{"start":{"line":10,"column":20},"end":{"line":10,"column":21}},"loc":{"start":{"line":10,"column":26},"end":{"line":11,"column":5}},"line":10},"3":{"name":"(anonymous_3)","decl":{"start":{"line":13,"column":20},"end":{"line":13,"column":21}},"loc":{"start":{"line":13,"column":26},"end":{"line":14,"column":5}},"line":13},"4":{"name":"(anonymous_4)","decl":{"start":{"line":16,"column":20},"end":{"line":16,"column":21}},"loc":{"start":{"line":16,"column":26},"end":{"line":17,"column":5}},"line":16},"5":{"name":"(anonymous_5)","decl":{"start":{"line":19,"column":20},"end":{"line":19,"column":21}},"loc":{"start":{"line":19,"column":26},"end":{"line":20,"column":5}},"line":19},"6":{"name":"(anonymous_6)","decl":{"start":{"line":22,"column":20},"end":{"line":22,"column":21}},"loc":{"start":{"line":22,"column":26},"end":{"line":23,"column":5}},"line":22},"7":{"name":"(anonymous_7)","decl":{"start":{"line":25,"column":20},"end":{"line":25,"column":21}},"loc":{"start":{"line":25,"column":26},"end":{"line":26,"column":5}},"line":25},"8":{"name":"(anonymous_8)","decl":{"start":{"line":36,"column":23},"end":{"line":36,"column":24}},"loc":{"start":{"line":36,"column":29},"end":{"line":39,"column":5}},"line":36},"9":{"name":"(anonymous_9)","decl":{"start":{"line":41,"column":24},"end":{"line":41,"column":25}},"loc":{"start":{"line":41,"column":33},"end":{"line":43,"column":5}},"line":41},"10":{"name":"(anonymous_10)","decl":{"start":{"line":51,"column":27},"end":{"line":51,"column":28}},"loc":{"start":{"line":51,"column":33},"end":{"line":66,"column":5}},"line":51},"11":{"name":"(anonymous_11)","decl":{"start":{"line":68,"column":22},"end":{"line":68,"column":23}},"loc":{"start":{"line":68,"column":28},"end":{"line":74,"column":5}},"line":68},"12":{"name":"(anonymous_12)","decl":{"start":{"line":76,"column":23},"end":{"line":76,"column":24}},"loc":{"start":{"line":76,"column":29},"end":{"line":79,"column":5}},"line":76},"13":{"name":"(anonymous_13)","decl":{"start":{"line":81,"column":21},"end":{"line":81,"column":22}},"loc":{"start":{"line":81,"column":30},"end":{"line":107,"column":5}},"line":81},"14":{"name":"(anonymous_14)","decl":{"start":{"line":116,"column":97},"end":{"line":116,"column":98}},"loc":{"start":{"line":116,"column":103},"end":{"line":116,"column":117}},"line":116},"15":{"name":"(anonymous_15)","decl":{"start":{"line":119,"column":71},"end":{"line":119,"column":72}},"loc":{"start":{"line":119,"column":77},"end":{"line":119,"column":93}},"line":119},"16":{"name":"(anonymous_16)","decl":{"start":{"line":122,"column":71},"end":{"line":122,"column":72}},"loc":{"start":{"line":122,"column":77},"end":{"line":122,"column":90}},"line":122},"17":{"name":"(anonymous_17)","decl":{"start":{"line":123,"column":71},"end":{"line":123,"column":72}},"loc":{"start":{"line":123,"column":77},"end":{"line":123,"column":90}},"line":123},"18":{"name":"(anonymous_18)","decl":{"start":{"line":124,"column":71},"end":{"line":124,"column":72}},"loc":{"start":{"line":124,"column":77},"end":{"line":124,"column":90}},"line":124},"19":{"name":"(anonymous_19)","decl":{"start":{"line":125,"column":71},"end":{"line":125,"column":72}},"loc":{"start":{"line":125,"column":77},"end":{"line":125,"column":93}},"line":125},"20":{"name":"(anonymous_20)","decl":{"start":{"line":128,"column":71},"end":{"line":128,"column":72}},"loc":{"start":{"line":128,"column":77},"end":{"line":128,"column":90}},"line":128},"21":{"name":"(anonymous_21)","decl":{"start":{"line":129,"column":71},"end":{"line":129,"column":72}},"loc":{"start":{"line":129,"column":77},"end":{"line":129,"column":90}},"line":129},"22":{"name":"(anonymous_22)","decl":{"start":{"line":130,"column":71},"end":{"line":130,"column":72}},"loc":{"start":{"line":130,"column":77},"end":{"line":130,"column":90}},"line":130},"23":{"name":"(anonymous_23)","decl":{"start":{"line":131,"column":71},"end":{"line":131,"column":72}},"loc":{"start":{"line":131,"column":77},"end":{"line":131,"column":93}},"line":131},"24":{"name":"(anonymous_24)","decl":{"start":{"line":134,"column":71},"end":{"line":134,"column":72}},"loc":{"start":{"line":134,"column":77},"end":{"line":134,"column":90}},"line":134},"25":{"name":"(anonymous_25)","decl":{"start":{"line":135,"column":71},"end":{"line":135,"column":72}},"loc":{"start":{"line":135,"column":77},"end":{"line":135,"column":90}},"line":135},"26":{"name":"(anonymous_26)","decl":{"start":{"line":136,"column":71},"end":{"line":136,"column":72}},"loc":{"start":{"line":136,"column":77},"end":{"line":136,"column":90}},"line":136},"27":{"name":"(anonymous_27)","decl":{"start":{"line":137,"column":71},"end":{"line":137,"column":72}},"loc":{"start":{"line":137,"column":77},"end":{"line":137,"column":93}},"line":137},"28":{"name":"(anonymous_28)","decl":{"start":{"line":140,"column":97},"end":{"line":140,"column":98}},"loc":{"start":{"line":140,"column":103},"end":{"line":140,"column":116}},"line":140},"29":{"name":"(anonymous_29)","decl":{"start":{"line":141,"column":71},"end":{"line":141,"column":72}},"loc":{"start":{"line":141,"column":77},"end":{"line":141,"column":90}},"line":141},"30":{"name":"(anonymous_30)","decl":{"start":{"line":142,"column":71},"end":{"line":142,"column":72}},"loc":{"start":{"line":142,"column":77},"end":{"line":142,"column":96}},"line":142}},"branchMap":{"0":{"loc":{"start":{"line":53,"column":8},"end":{"line":61,"column":9}},"type":"if","locations":[{"start":{"line":53,"column":8},"end":{"line":61,"column":9}},{"start":{"line":55,"column":15},"end":{"line":61,"column":9}}],"line":53},"1":{"loc":{"start":{"line":55,"column":15},"end":{"line":61,"column":9}},"type":"if","locations":[{"start":{"line":55,"column":15},"end":{"line":61,"column":9}},{"start":{"line":57,"column":15},"end":{"line":61,"column":9}}],"line":55},"2":{"loc":{"start":{"line":57,"column":15},"end":{"line":61,"column":9}},"type":"if","locations":[{"start":{"line":57,"column":15},"end":{"line":61,"column":9}},{"start":{"line":59,"column":15},"end":{"line":61,"column":9}}],"line":57},"3":{"loc":{"start":{"line":59,"column":15},"end":{"line":61,"column":9}},"type":"if","locations":[{"start":{"line":59,"column":15},"end":{"line":61,"column":9}},{"start":{},"end":{}}],"line":59},"4":{"loc":{"start":{"line":97,"column":8},"end":{"line":103,"column":9}},"type":"if","locations":[{"start":{"line":97,"column":8},"end":{"line":103,"column":9}},{"start":{"line":100,"column":15},"end":{"line":103,"column":9}}],"line":97},"5":{"loc":{"start":{"line":97,"column":12},"end":{"line":97,"column":65}},"type":"binary-expr","locations":[{"start":{"line":97,"column":12},"end":{"line":97,"column":33}},{"start":{"line":97,"column":37},"end":{"line":97,"column":65}}],"line":97}},"s":{"0":1,"1":0,"2":0,"3":0,"4":0,"5":0,"6":0,"7":0,"8":0,"9":0,"10":0,"11":0,"12":0,"13":0,"14":0,"15":0,"16":0,"17":0,"18":0,"19":0,"20":0,"21":0,"22":0,"23":0,"24":0,"25":0,"26":0,"27":0,"28":0,"29":0,"30":0,"31":0,"32":0,"33":0,"34":0,"35":0,"36":0,"37":0,"38":0,"39":0,"40":0,"41":0,"42":0,"43":0,"44":0,"45":0,"46":0,"47":0,"48":0,"49":0,"50":0,"51":0,"52":0,"53":0,"54":0,"55":0,"56":0,"57":0,"58":0,"59":0,"60":0,"61":0,"62":0,"63":0,"64":0,"65":0,"66":0,"67":0,"68":0,"69":1},"f":{"0":0,"1":0,"2":0,"3":0,"4":0,"5":0,"6":0,"7":0,"8":0,"9":0,"10":0,"11":0,"12":0,"13":0,"14":0,"15":0,"16":0,"17":0,"18":0,"19":0,"20":0,"21":0,"22":0,"23":0,"24":0,"25":0,"26":0,"27":0,"28":0,"29":0,"30":0},"b":{"0":[0,0],"1":[0,0],"2":[0,0],"3":[0,0],"4":[0,0],"5":[0,0]},"_coverageSchema":"1a1c01bbd47fc00a2c39e90264f33305004495a9","hash":"411761bcfad30ad3101b9c06b31708110d4e599f"}
,"/Users/surf/repos/react-native-expo-playground/screens/HomeScreen.jsx": {"path":"/Users/surf/repos/react-native-expo-playground/screens/HomeScreen.jsx","statementMap":{"0":{"start":{"line":4,"column":4},"end":{"line":8,"column":5}}},"fnMap":{"0":{"name":"(anonymous_0)","decl":{"start":{"line":3,"column":29},"end":{"line":3,"column":30}},"loc":{"start":{"line":3,"column":38},"end":{"line":9,"column":1}},"line":3}},"branchMap":{},"s":{"0":1},"f":{"0":1},"b":{},"_coverageSchema":"1a1c01bbd47fc00a2c39e90264f33305004495a9","hash":"9dced0e4651d448f04cfc2fba5b17d15318f584f"}
,"/Users/surf/repos/react-native-expo-playground/screens/ProfileScreen.jsx": {"path":"/Users/surf/repos/react-native-expo-playground/screens/ProfileScreen.jsx","statementMap":{"0":{"start":{"line":4,"column":22},"end":{"line":10,"column":1}},"1":{"start":{"line":5,"column":4},"end":{"line":9,"column":5}}},"fnMap":{"0":{"name":"(anonymous_0)","decl":{"start":{"line":4,"column":22},"end":{"line":4,"column":23}},"loc":{"start":{"line":4,"column":40},"end":{"line":10,"column":1}},"line":4}},"branchMap":{},"s":{"0":1,"1":0},"f":{"0":0},"b":{},"_coverageSchema":"1a1c01bbd47fc00a2c39e90264f33305004495a9","hash":"383e4c92ec1effa47b86b75154e761646d7dee75"}
}
