TN:
SF:App.js
FN:15,(anonymous_0)
FNF:1
FNH:1
FNDA:1,(anonymous_0)
DA:12,1
DA:13,1
DA:15,1
DA:16,1
DA:32,1
LF:5
LH:5
BRF:0
BRH:0
end_of_record
TN:
SF:old-jest.config.js
FNF:0
FNH:0
DA:1,0
LF:1
LH:0
BRF:0
BRH:0
end_of_record
TN:
SF:components/CalculatorButton.jsx
FN:4,(anonymous_0)
FNF:1
FNH:1
FNDA:170,(anonymous_0)
DA:4,2
DA:5,170
DA:6,170
DA:7,170
DA:8,170
DA:9,170
DA:11,170
DA:12,0
DA:19,170
DA:20,0
DA:28,170
DA:38,2
LF:12
LH:10
BRDA:11,0,0,0
BRDA:11,0,1,170
BRDA:19,1,0,0
BRDA:19,1,1,170
BRF:4
BRH:2
end_of_record
TN:
SF:components/demo-template.jsx
FN:4,(anonymous_0)
FNF:1
FNH:0
FNDA:0,(anonymous_0)
DA:4,0
DA:5,0
LF:2
LH:0
BRF:0
BRH:0
end_of_record
TN:
SF:contexts/user.context.jsx
FNF:0
FNH:0
LF:0
LH:0
BRF:0
BRH:0
end_of_record
TN:
SF:screens/CalculatorScreen.jsx
FN:5,(anonymous_0)
FN:8,(anonymous_1)
FN:11,(anonymous_2)
FN:15,(anonymous_3)
FN:19,(anonymous_4)
FN:23,(anonymous_5)
FN:42,(anonymous_6)
FN:48,(anonymous_7)
FN:52,(anonymous_8)
FN:70,(anonymous_9)
FN:71,(anonymous_10)
FN:74,(anonymous_11)
FN:75,(anonymous_12)
FN:76,(anonymous_13)
FN:77,(anonymous_14)
FN:80,(anonymous_15)
FN:81,(anonymous_16)
FN:82,(anonymous_17)
FN:83,(anonymous_18)
FN:86,(anonymous_19)
FN:87,(anonymous_20)
FN:88,(anonymous_21)
FN:89,(anonymous_22)
FN:92,(anonymous_23)
FN:93,(anonymous_24)
FN:94,(anonymous_25)
FNF:26
FNH:10
FNDA:11,(anonymous_0)
FNDA:10,(anonymous_1)
FNDA:10,(anonymous_2)
FNDA:10,(anonymous_3)
FNDA:1,(anonymous_4)
FNDA:0,(anonymous_5)
FNDA:0,(anonymous_6)
FNDA:2,(anonymous_7)
FNDA:2,(anonymous_8)
FNDA:0,(anonymous_9)
FNDA:0,(anonymous_10)
FNDA:0,(anonymous_11)
FNDA:0,(anonymous_12)
FNDA:0,(anonymous_13)
FNDA:1,(anonymous_14)
FNDA:0,(anonymous_15)
FNDA:2,(anonymous_16)
FNDA:0,(anonymous_17)
FNDA:0,(anonymous_18)
FNDA:0,(anonymous_19)
FNDA:0,(anonymous_20)
FNDA:0,(anonymous_21)
FNDA:0,(anonymous_22)
FNDA:0,(anonymous_23)
FNDA:2,(anonymous_24)
FNDA:0,(anonymous_25)
DA:5,2
DA:7,11
DA:8,11
DA:10,11
DA:11,11
DA:12,10
DA:14,11
DA:15,11
DA:16,10
DA:19,11
DA:20,1
DA:23,11
DA:25,0
DA:26,0
DA:27,0
DA:28,0
DA:29,0
DA:30,0
DA:31,0
DA:32,0
DA:33,0
DA:34,0
DA:35,0
DA:36,0
DA:38,0
DA:39,0
DA:42,11
DA:43,0
DA:44,0
DA:45,0
DA:48,11
DA:49,2
DA:52,11
DA:53,2
DA:54,2
DA:56,2
DA:57,2
DA:59,0
DA:63,11
DA:70,0
DA:71,0
DA:74,0
DA:75,0
DA:76,0
DA:77,1
DA:80,0
DA:81,2
DA:82,0
DA:83,0
DA:86,0
DA:87,0
DA:88,0
DA:89,0
DA:92,0
DA:93,2
DA:94,0
DA:101,2
LF:57
LH:25
BRDA:25,0,0,0
BRDA:25,0,1,0
BRDA:28,1,0,0
BRDA:28,1,1,0
BRDA:31,2,0,0
BRDA:31,2,1,0
BRDA:34,3,0,0
BRDA:34,3,1,0
BRDA:56,4,0,2
BRDA:56,4,1,0
BRDA:56,5,0,2
BRDA:56,5,1,2
BRF:12
BRH:3
end_of_record
TN:
SF:screens/HomeScreen.jsx
FN:3,(anonymous_0)
FNF:1
FNH:1
FNDA:1,(anonymous_0)
DA:4,1
LF:1
LH:1
BRF:0
BRH:0
end_of_record
TN:
SF:screens/ProfileScreen.jsx
FN:4,(anonymous_0)
FNF:1
FNH:0
FNDA:0,(anonymous_0)
DA:4,1
DA:5,0
LF:2
LH:1
BRF:0
BRH:0
end_of_record
